<?xml version="1.0" encoding="UTF-8"?>
<!-- Generated by org.testng.reporters.JUnitReportReporter -->
<testsuite hostname="KTP-RLT-KI2032" failures="0" tests="1" name="Test.Landing_Page_Test" time="4.068" errors="0" timestamp="2023-06-21T15:07:07 IST" skipped="0">
  <testcase classname="Test.Landing_Page_Test" name="Form_Test" time="4.068"/>
  <system-out/>
</testsuite> <!-- Test.Landing_Page_Test -->
